===
numofnodes:
1
Write times:
0.01594 0.00432 0.00432 0.00439 0.00421 0.00000 
Read times:
0.00180 0.00175 0.00169 0.00180 0.00162 0.00000 
cmdline:
1024 12345
===
numofnodes:
1
Write times:
0.19276 0.15818 0.13515 0.14731 0.24740 0.00000 
Read times:
0.40206 0.22880 0.24092 0.19723 0.23153 0.00000 
cmdline:
67108864 12345
===
numofnodes:
1
Write times:
0.60456 0.66371 0.39434 0.58661 0.61409 0.00000 
Read times:
1.49497 1.27466 2.65220 1.65625 2.36704 0.00000 
cmdline:
268435456 12345
===
numofnodes:
1
Write times:
2.37451 2.29277 2.37424 2.49596 2.45586 0.00000 
Read times:
1.50048 1.27134 1.60337 1.08565 1.72590 0.00000 
cmdline:
1073741824 12345
===
numofnodes:
1
Write times:
0.21153 0.02429 0.01076 0.01051 0.16541 0.00000 
Read times:
0.00320 0.00234 0.00357 0.00913 0.00354 0.00000 
cmdline:
4294967296 12345
===
numofnodes:
1
Write times:
0.00509 0.00443 0.00366 0.00353 0.08377 0.00000 
Read times:
0.00132 0.00118 0.00107 0.00115 0.00150 0.00000 
cmdline:
8589934592 12345
===
numofnodes:
1
Write times:
0.01496 0.00681 0.00770 0.13527 0.05921 0.00000 
Read times:
0.00309 0.00377 0.00209 0.00137 0.00103 0.00000 
cmdline:
17179869184 12345
===
numofnodes:
2
Write times:
0.00606 0.00491 0.00484 0.00526 0.00477 0.00000 
Read times:
0.00205 0.00194 0.00197 0.00205 0.00205 0.00000 
cmdline:
1024 12345
===
numofnodes:
2
Write times:
0.00454 0.00365 0.00348 0.00371 0.00366 0.00000 
Read times:
0.00150 0.00155 0.00151 0.00147 0.00147 0.00000 
cmdline:
4096 12345
===
numofnodes:
1
Write times:
0.01319 0.00635 0.00419 0.00341 0.00359 0.00000 
Read times:
0.00205 0.00181 0.00145 0.00150 0.00144 0.00000 
cmdline:
4096 12345
===
numofnodes:
2
Write times:
0.00455 0.00397 0.00389 0.00394 0.00394 0.00000 
Read times:
0.00157 0.00156 0.00152 0.00149 0.00155 0.00000 
cmdline:
16384 12345
===
numofnodes:
2
Write times:
0.00535 0.00459 0.00455 0.00450 0.00457 0.00000 
Read times:
0.00200 0.00201 0.00202 0.00194 0.00187 0.00000 
cmdline:
65536 12345
===
numofnodes:
2
Write times:
0.00498 0.00413 0.00401 0.00384 0.00396 0.00000 
Read times:
0.00197 0.00203 0.00196 0.00192 0.00189 0.00000 
cmdline:
262144 12345
===
numofnodes:
2
Write times:
0.00805 0.00597 0.00537 0.00519 0.00678 0.00000 
Read times:
0.00504 0.00398 0.00374 0.00365 0.00529 0.00000 
cmdline:
1048576 12345
===
numofnodes:
2
Write times:
0.01005 0.00944 0.00997 0.00905 0.00891 0.00000 
Read times:
0.01097 0.01059 0.01097 0.00968 0.00996 0.00000 
cmdline:
4194304 12345
===
numofnodes:
2
Write times:
0.02930 0.02510 0.02962 0.02458 0.02579 0.00000 
Read times:
0.03205 0.02946 0.03074 0.02740 0.02923 0.00000 
cmdline:
16777216 12345
===
numofnodes:
1
Write times:
0.01463 0.00401 0.00404 0.00431 0.00406 0.00000 
Read times:
0.00188 0.00174 0.00189 0.00185 0.00183 0.00000 
cmdline:
16384 12345
===
numofnodes:
2
Write times:
0.10176 0.08246 0.08233 0.09183 0.08920 0.00000 
Read times:
0.10143 0.09418 0.09429 0.09426 0.09599 0.00000 
cmdline:
67108864 12345
===
numofnodes:
2
Write times:
0.38758 0.35561 0.37586 0.32021 0.35934 0.00000 
Read times:
0.43282 0.63174 0.64605 0.69654 0.46844 0.00000 
cmdline:
268435456 12345
===
numofnodes:
2
Write times:
1.49717 1.33622 1.53172 1.53256 1.46881 0.00000 
Read times:
1.56253 1.55461 1.55308 1.61628 1.66961 0.00000 
cmdline:
1073741824 12345
===
numofnodes:
2
Write times:
0.18985 0.00349 0.00335 0.00352 0.35619 0.00000 
Read times:
0.00116 0.00114 0.00119 0.00141 0.00116 0.00000 
cmdline:
8589934592 12345
===
numofnodes:
2
Write times:
0.55689 0.00330 0.00320 0.00321 0.55252 0.00000 
Read times:
0.00116 0.00113 0.00107 0.00103 0.00124 0.00000 
cmdline:
17179869184 12345
===
numofnodes:
4
Write times:
0.01956 0.00374 0.00368 0.00372 0.00382 0.00000 
Read times:
0.00168 0.00152 0.00152 0.00157 0.00151 0.00000 
cmdline:
1024 12345
===
numofnodes:
1
Write times:
0.01507 0.00433 0.01256 0.00431 0.00416 0.00000 
Read times:
0.00222 0.00215 0.00256 0.00214 0.00210 0.00000 
cmdline:
65536 12345
===
numofnodes:
4
Write times:
0.01116 0.00400 0.00399 0.00405 0.00390 0.00000 
Read times:
0.00176 0.00175 0.00171 0.00166 0.00169 0.00000 
cmdline:
4096 12345
===
numofnodes:
4
Write times:
0.01489 0.00407 0.00407 0.00403 0.00406 0.00000 
Read times:
0.00177 0.00173 0.00168 0.00165 0.00169 0.00000 
cmdline:
16384 12345
===
numofnodes:
4
Write times:
0.01058 0.00399 0.00388 0.00394 0.00396 0.00000 
Read times:
0.00173 0.00163 0.00159 0.00169 0.00167 0.00000 
cmdline:
65536 12345
===
numofnodes:
4
Write times:
0.01563 0.00499 0.00512 0.00496 0.00503 0.00000 
Read times:
0.00261 0.00263 0.00260 0.00258 0.00269 0.00000 
cmdline:
262144 12345
===
numofnodes:
1
Write times:
0.00850 0.00483 0.00475 0.00475 0.00474 0.00000 
Read times:
0.00203 0.00209 0.00193 0.00199 0.00200 0.00000 
cmdline:
262144 12345
===
numofnodes:
4
Write times:
0.01615 0.00573 0.00572 0.00548 0.00545 0.00000 
Read times:
0.00437 0.00431 0.00433 0.00427 0.00543 0.00000 
cmdline:
1048576 12345
===
numofnodes:
4
Write times:
0.01713 0.00896 0.00873 0.00876 0.00866 0.00000 
Read times:
0.01948 0.01768 0.01783 0.01712 0.01715 0.00000 
cmdline:
4194304 12345
===
numofnodes:
4
Write times:
0.03563 0.02605 0.02249 0.02141 0.02255 0.00000 
Read times:
0.04457 0.04214 0.03958 0.03891 0.04065 0.00000 
cmdline:
16777216 12345
===
numofnodes:
4
Write times:
0.10845 0.07236 0.07412 0.07027 0.07744 0.00000 
Read times:
0.11887 0.11925 0.12056 0.11714 0.11818 0.00000 
cmdline:
67108864 12345
===
numofnodes:
4
Write times:
0.35111 0.28675 0.30383 0.30688 0.29720 0.00000 
Read times:
0.44460 0.44551 0.45120 0.52034 0.44234 0.00000 
cmdline:
268435456 12345
===
numofnodes:
1
Write times:
0.01056 0.00609 0.00608 0.00595 0.00608 0.00000 
Read times:
0.00592 0.00572 0.00536 0.00522 0.00532 0.00000 
cmdline:
1048576 12345
===
numofnodes:
4
Write times:
1.19708 1.27561 1.25534 1.03502 1.18004 0.00000 
Read times:
1.78141 1.76339 1.69962 1.62984 1.61008 0.00000 
cmdline:
1073741824 12345
===
numofnodes:
4
Write times:
6.61594 6.37828 6.50807 6.86515 6.62349 0.00000 
Read times:
6.93873 7.05592 6.87854 7.07162 7.04973 0.00000 
cmdline:
4294967296 12345
===
numofnodes:
4
Write times:
0.19701 0.00382 0.00373 0.00369 0.17145 0.00000 
Read times:
0.00144 0.00133 0.00132 0.00132 0.00137 0.00000 
cmdline:
17179869184 12345
===
numofnodes:
8
Write times:
0.02982 0.00823 0.00479 0.00517 0.00454 0.00000 
Read times:
0.00346 0.00283 0.00262 0.00271 0.00244 0.00000 
cmdline:
1024 12345
===
numofnodes:
8
Write times:
0.01893 0.00414 0.00428 0.00424 0.00402 0.00000 
Read times:
0.00197 0.00191 0.00190 0.00190 0.00178 0.00000 
cmdline:
4096 12345
===
numofnodes:
8
Write times:
0.02495 0.00368 0.00358 0.00345 0.00336 0.00000 
Read times:
0.00167 0.00155 0.00145 0.00143 0.00146 0.00000 
cmdline:
16384 12345
===
numofnodes:
8
Write times:
0.02669 0.00505 0.00493 0.00496 0.00487 0.00000 
Read times:
0.00254 0.00228 0.00240 0.00234 0.00224 0.00000 
cmdline:
65536 12345
===
numofnodes:
8
Write times:
13.92927 15.10236 14.62180 14.29641 14.47190 0.00000 
Read times:
14.43032 14.11858 14.80410 13.63423 13.74392 0.00000 
cmdline:
8589934592 12345
===
numofnodes:
16
Write times:
0.06980 0.00390 0.00461 0.00511 0.00422 0.00000 
Read times:
0.00213 0.00219 0.00216 0.00194 0.00196 0.00000 
cmdline:
1024 12345
===
numofnodes:
16
Write times:
0.02801 0.00593 0.00596 0.00597 0.00784 0.00000 
Read times:
0.00338 0.00333 0.00340 0.00385 0.00319 0.00000 
cmdline:
4096 12345
===
numofnodes:
16
Write times:
0.02640 0.00545 0.00573 0.00659 0.00561 0.00000 
Read times:
0.00289 0.00281 0.00313 0.00445 0.00263 0.00000 
cmdline:
16384 12345
===
numofnodes:
16
Write times:
0.02731 0.00644 0.00622 0.01019 0.00577 0.00000 
Read times:
0.00331 0.00324 0.00336 0.00340 0.00303 0.00000 
cmdline:
65536 12345
===
numofnodes:
16
Write times:
0.04122 0.00468 0.00456 0.00478 0.00466 0.00000 
Read times:
0.00291 0.00259 0.00348 0.00264 0.00252 0.00000 
cmdline:
262144 12345
===
numofnodes:
8
Write times:
0.02538 0.00494 0.00480 0.00477 0.00480 0.00000 
Read times:
0.00276 0.00266 0.00270 0.00264 0.00248 0.00000 
cmdline:
262144 12345
===
numofnodes:
16
Write times:
0.04223 0.02183 0.02082 0.02092 0.02070 0.00000 
Read times:
0.07814 0.07469 0.07568 0.07365 0.07678 0.00000 
cmdline:
16777216 12345
===
numofnodes:
16
Write times:
0.12343 0.13202 0.13213 0.10554 0.11061 0.00000 
Read times:
0.15331 0.14870 0.15701 0.14735 0.16135 0.00000 
cmdline:
67108864 12345
===
numofnodes:
8
Write times:
0.03074 0.00923 0.00878 0.00980 0.00803 0.00000 
Read times:
0.00679 0.00610 0.00589 0.00606 0.00528 0.00000 
cmdline:
1048576 12345
===
numofnodes:
16
Write times:
0.28167 0.23704 0.24269 0.22723 0.22328 0.00000 
Read times:
0.50089 0.53108 0.47957 0.55000 0.48539 0.00000 
cmdline:
268435456 12345
===
numofnodes:
16
Write times:
1.25405 1.21916 1.11064 1.09390 1.06131 0.00000 
Read times:
1.71316 1.79199 1.69842 1.65653 1.69691 0.00000 
cmdline:
1073741824 12345
===
numofnodes:
8
Write times:
0.02749 0.00723 0.00705 0.00684 0.00684 0.00000 
Read times:
0.01038 0.00903 0.00911 0.00907 0.00892 0.00000 
cmdline:
4194304 12345
===
numofnodes:
16
Write times:
6.52351 6.74774 6.79398 6.32994 6.60378 0.00000 
Read times:
7.01270 7.18950 7.07233 6.81179 7.22363 0.00000 
cmdline:
4294967296 12345
