===
numofnodes:
1
Write times:
0.00667 0.00394 0.00375 0.00380 0.00382 0.00000 
Read times:
0.00815 0.00170 0.00172 0.00170 0.00165 0.00000 
cmdline:
1024 12345
===
numofnodes:
1
Write times:
0.09942 0.10415 0.10231 0.09829 0.10678 0.00000 
Read times:
0.06701 0.06921 0.07715 0.06110 0.06005 0.00000 
cmdline:
67108864 12345
===
numofnodes:
1
Write times:
0.42285 0.37904 0.38485 0.35736 0.39417 0.00000 
Read times:
0.24450 0.23312 0.23377 0.24638 0.24857 0.00000 
cmdline:
268435456 12345
===
numofnodes:
1
Write times:
1.77261 1.61507 1.51590 1.75617 1.65649 0.00000 
Read times:
0.82658 0.84558 0.84677 0.84928 0.87660 0.00000 
cmdline:
1073741824 12345
===
numofnodes:
1
Write times:
0.03421 0.00234 0.00242 0.00257 0.00303 0.00000 
Read times:
0.00091 0.00091 0.00083 0.00083 0.00096 0.00000 
cmdline:
4294967296 12345
===
numofnodes:
1
Write times:
0.03474 0.00218 0.00233 0.00215 0.00310 0.00000 
Read times:
0.00073 0.00072 0.00069 0.00077 0.00086 0.00000 
cmdline:
8589934592 12345
===
numofnodes:
1
Write times:
0.03492 0.00257 0.00242 0.00246 0.00305 0.00000 
Read times:
0.00088 0.00093 0.00094 0.00090 0.00084 0.00000 
cmdline:
17179869184 12345
===
numofnodes:
2
Write times:
0.00595 0.00367 0.00360 0.00375 0.00362 0.00000 
Read times:
0.00144 0.00146 0.00134 0.00137 0.00136 0.00000 
cmdline:
1024 12345
===
numofnodes:
2
Write times:
0.00424 0.00363 0.00351 0.00355 0.00348 0.00000 
Read times:
0.00157 0.00154 0.00157 0.00154 0.00152 0.00000 
cmdline:
4096 12345
===
numofnodes:
1
Write times:
0.00349 0.00313 0.00808 0.00303 0.00287 0.00000 
Read times:
0.00151 0.00128 0.00135 0.00140 0.00122 0.00000 
cmdline:
4096 12345
===
numofnodes:
2
Write times:
0.01120 0.00368 0.00365 0.00363 0.00359 0.00000 
Read times:
0.00157 0.00160 0.00160 0.00156 0.00159 0.00000 
cmdline:
16384 12345
===
numofnodes:
2
Write times:
0.09772 0.08489 0.08735 0.08304 0.09417 0.00000 
Read times:
0.04798 0.04958 0.04894 0.04940 0.04874 0.00000 
cmdline:
67108864 12345
===
numofnodes:
2
Write times:
0.32822 0.31512 0.27868 0.36350 0.30522 0.00000 
Read times:
0.16372 0.18424 0.15203 0.21552 0.15107 0.00000 
cmdline:
268435456 12345
===
numofnodes:
2
Write times:
1.59644 1.38500 1.55091 1.34488 1.50402 0.00000 
Read times:
0.58618 0.55904 0.55600 0.57670 0.58099 0.00000 
cmdline:
1073741824 12345
===
numofnodes:
2
Write times:
0.12821 0.00306 0.00304 0.00321 0.12311 0.00000 
Read times:
0.00114 0.00099 0.00106 0.00108 0.00107 0.00000 
cmdline:
8589934592 12345
===
numofnodes:
2
Write times:
0.36492 0.00398 0.00355 0.00787 0.27385 0.00000 
Read times:
0.00134 0.00138 0.00135 0.00343 0.00121 0.00000 
cmdline:
17179869184 12345
===
numofnodes:
4
Write times:
0.01579 0.00353 0.01104 0.00344 0.00356 0.00000 
Read times:
0.00157 0.00151 0.00396 0.00148 0.00149 0.00000 
cmdline:
1024 12345
===
numofnodes:
4
Write times:
0.00850 0.00306 0.00300 0.00297 0.00300 0.00000 
Read times:
0.00112 0.00115 0.00127 0.00107 0.00126 0.00000 
cmdline:
4096 12345
===
numofnodes:
4
Write times:
0.00659 0.00541 0.00731 0.00469 0.00458 0.00000 
Read times:
0.00251 0.00240 0.00223 0.00231 0.00234 0.00000 
cmdline:
16384 12345
===
numofnodes:
4
Write times:
0.00421 0.00281 0.00282 0.00265 0.00587 0.00000 
Read times:
0.00133 0.00140 0.00112 0.00144 0.00125 0.00000 
cmdline:
65536 12345
===
numofnodes:
4
Write times:
0.00601 0.00400 0.00411 0.00412 0.00398 0.00000 
Read times:
0.00537 0.00218 0.00207 0.00205 0.00208 0.00000 
cmdline:
262144 12345
===
numofnodes:
4
Write times:
0.00948 0.00467 0.00445 0.00494 0.00468 0.00000 
Read times:
0.00276 0.00281 0.00271 0.00272 0.00282 0.00000 
cmdline:
1048576 12345
===
numofnodes:
2
Write times:
0.00945 0.00408 0.00394 0.00406 0.00392 0.00000 
Read times:
0.00170 0.00157 0.00167 0.00165 0.00160 0.00000 
cmdline:
65536 12345
===
numofnodes:
4
Write times:
0.01001 0.00805 0.00728 0.00876 0.00722 0.00000 
Read times:
0.01294 0.01153 0.01165 0.01119 0.00882 0.00000 
cmdline:
4194304 12345
===
numofnodes:
2
Write times:
0.01200 0.00444 0.00461 0.00440 0.00448 0.00000 
Read times:
0.00181 0.00178 0.00175 0.00170 0.00172 0.00000 
cmdline:
262144 12345
===
numofnodes:
1
Write times:
0.00354 0.00318 0.00323 0.00298 0.00309 0.00000 
Read times:
0.00152 0.00153 0.00145 0.00131 0.00120 0.00000 
cmdline:
16384 12345
===
numofnodes:
2
Write times:
0.00966 0.00541 0.00593 0.00524 0.00520 0.00000 
Read times:
0.00295 0.00290 0.00278 0.00281 0.00286 0.00000 
cmdline:
1048576 12345
===
numofnodes:
1
Write times:
0.00466 0.00406 0.00400 0.00404 0.01368 0.00000 
Read times:
0.00182 0.00188 0.00190 0.00191 0.00207 0.00000 
cmdline:
65536 12345
===
numofnodes:
2
Write times:
0.01611 0.00972 0.01416 0.00871 0.01622 0.00000 
Read times:
0.00574 0.00532 0.00499 0.00517 0.00584 0.00000 
cmdline:
4194304 12345
===
numofnodes:
1
Write times:
0.00433 0.00396 0.00451 0.00417 0.00515 0.00000 
Read times:
0.00195 0.00166 0.00187 0.00199 0.00172 0.00000 
cmdline:
262144 12345
===
numofnodes:
4
Write times:
0.02349 0.02135 0.01976 0.01978 0.02109 0.00000 
Read times:
0.02412 0.02383 0.02359 0.02160 0.02260 0.00000 
cmdline:
16777216 12345
===
numofnodes:
4
Write times:
0.08590 0.06755 0.07105 0.06914 0.06755 0.00000 
Read times:
0.06650 0.06561 0.06186 0.06805 0.06034 0.00000 
cmdline:
67108864 12345
===
numofnodes:
4
Write times:
0.29346 0.31318 0.26977 0.27306 0.24811 0.00000 
Read times:
0.23438 0.23573 0.23147 0.27772 0.24164 0.00000 
cmdline:
268435456 12345
===
numofnodes:
4
Write times:
1.20450 1.40372 1.41159 1.23748 1.19945 0.00000 
Read times:
0.95715 0.95844 0.94375 0.89308 0.99640 0.00000 
cmdline:
1073741824 12345
===
numofnodes:
4
Write times:
6.65069 7.41958 7.00323 6.79459 7.29621 0.00000 
Read times:
3.73177 3.51729 3.64873 3.74343 3.75439 0.00000 
cmdline:
4294967296 12345
===
numofnodes:
4
Write times:
0.14430 0.00339 0.00338 0.00325 0.16970 0.00000 
Read times:
0.00152 0.00127 0.00131 0.00133 0.00127 0.00000 
cmdline:
17179869184 12345
===
numofnodes:
1
Write times:
0.00578 0.00510 0.00504 0.00492 0.00519 0.00000 
Read times:
0.00245 0.00219 0.00231 0.00236 0.00244 0.00000 
cmdline:
1048576 12345
===
numofnodes:
1
Write times:
0.01509 0.00900 0.00877 0.00853 0.01014 0.00000 
Read times:
0.00490 0.00488 0.00493 0.00486 0.00456 0.00000 
cmdline:
4194304 12345
===
numofnodes:
1
Write times:
0.03118 0.03007 0.02877 0.02979 0.03130 0.00000 
Read times:
0.01767 0.01764 0.01888 0.01827 0.01881 0.00000 
cmdline:
16777216 12345
